Performing C SOURCE FILE Test CMAKE_HAVE_LIBC_PTHREAD failed with the following output:
Change Dir: /home/maksim/Myfolder/Magistr/Service/Service-architecture/build/CMakeFiles/CMakeTmp

Run Build Command(s):/usr/bin/make cmTC_a9aef/fast && /usr/bin/make -f CMakeFiles/cmTC_a9aef.dir/build.make CMakeFiles/cmTC_a9aef.dir/build
make[1]: вход в каталог «/home/maksim/Myfolder/Magistr/Service/Service-architecture/build/CMakeFiles/CMakeTmp»
Building C object CMakeFiles/cmTC_a9aef.dir/src.c.o
/usr/bin/gcc   -DCMAKE_HAVE_LIBC_PTHREAD   -o CMakeFiles/cmTC_a9aef.dir/src.c.o   -c /home/maksim/Myfolder/Magistr/Service/Service-architecture/build/CMakeFiles/CMakeTmp/src.c
Linking C executable cmTC_a9aef
/usr/bin/cmake -E cmake_link_script CMakeFiles/cmTC_a9aef.dir/link.txt --verbose=1
/usr/bin/gcc  -DCMAKE_HAVE_LIBC_PTHREAD    -rdynamic CMakeFiles/cmTC_a9aef.dir/src.c.o  -o cmTC_a9aef 
/usr/bin/ld: CMakeFiles/cmTC_a9aef.dir/src.c.o: в функции «main»:
src.c:(.text+0x46): неопределённая ссылка на «pthread_create»
/usr/bin/ld: src.c:(.text+0x52): неопределённая ссылка на «pthread_detach»
/usr/bin/ld: src.c:(.text+0x63): неопределённая ссылка на «pthread_join»
collect2: error: ld returned 1 exit status
make[1]: *** [CMakeFiles/cmTC_a9aef.dir/build.make:87: cmTC_a9aef] Ошибка 1
make[1]: выход из каталога «/home/maksim/Myfolder/Magistr/Service/Service-architecture/build/CMakeFiles/CMakeTmp»
make: *** [Makefile:121: cmTC_a9aef/fast] Ошибка 2


Source file was:
#include <pthread.h>

void* test_func(void* data)
{
  return data;
}

int main(void)
{
  pthread_t thread;
  pthread_create(&thread, NULL, test_func, NULL);
  pthread_detach(thread);
  pthread_join(thread, NULL);
  pthread_atfork(NULL, NULL, NULL);
  pthread_exit(NULL);

  return 0;
}

Determining if the function pthread_create exists in the pthreads failed with the following output:
Change Dir: /home/maksim/Myfolder/Magistr/Service/Service-architecture/build/CMakeFiles/CMakeTmp

Run Build Command(s):/usr/bin/make cmTC_49f5b/fast && /usr/bin/make -f CMakeFiles/cmTC_49f5b.dir/build.make CMakeFiles/cmTC_49f5b.dir/build
make[1]: вход в каталог «/home/maksim/Myfolder/Magistr/Service/Service-architecture/build/CMakeFiles/CMakeTmp»
Building C object CMakeFiles/cmTC_49f5b.dir/CheckFunctionExists.c.o
/usr/bin/gcc   -DCHECK_FUNCTION_EXISTS=pthread_create   -o CMakeFiles/cmTC_49f5b.dir/CheckFunctionExists.c.o   -c /usr/share/cmake-3.16/Modules/CheckFunctionExists.c
Linking C executable cmTC_49f5b
/usr/bin/cmake -E cmake_link_script CMakeFiles/cmTC_49f5b.dir/link.txt --verbose=1
/usr/bin/gcc  -DCHECK_FUNCTION_EXISTS=pthread_create    -rdynamic CMakeFiles/cmTC_49f5b.dir/CheckFunctionExists.c.o  -o cmTC_49f5b  -lpthreads 
/usr/bin/ld: невозможно найти -lpthreads
collect2: error: ld returned 1 exit status
make[1]: *** [CMakeFiles/cmTC_49f5b.dir/build.make:87: cmTC_49f5b] Ошибка 1
make[1]: выход из каталога «/home/maksim/Myfolder/Magistr/Service/Service-architecture/build/CMakeFiles/CMakeTmp»
make: *** [Makefile:121: cmTC_49f5b/fast] Ошибка 2



